#
# There is insufficient memory for the Java Runtime Environment to continue.
# Native memory allocation (mmap) failed to map 67108864 bytes for G1 virtual space
# Possible reasons:
#   The system is out of physical RAM or swap space
#   The process is running with CompressedOops enabled, and the Java Heap may be blocking the growth of the native heap
# Possible solutions:
#   Reduce memory load on the system
#   Increase physical memory or swap space
#   Check if swap backing store is full
#   Decrease Java heap size (-Xmx/-Xms)
#   Decrease number of Java threads
#   Decrease Java thread stack sizes (-Xss)
#   Set larger code cache with -XX:ReservedCodeCacheSize=
#   JVM is running with Unscaled Compressed Oops mode in which the Java heap is
#     placed in the first 4GB address space. The Java Heap base address is the
#     maximum limit for the native heap growth. Please use -XX:HeapBaseMinAddress
#     to set the Java Heap base and to place the Java Heap above 4GB virtual address.
# This output file may be truncated or incomplete.
#
#  Out of Memory Error (os_windows.cpp:3760), pid=13772, tid=6860
#
# JRE version:  (17.0.5+1) (build )
# Java VM: OpenJDK 64-Bit Server VM (17.0.5+1-b653.14, mixed mode, sharing, tiered, compressed oops, compressed class ptrs, g1 gc, windows-amd64)
# No core dump will be written. Minidumps are not enabled by default on client versions of Windows
#

---------------  S U M M A R Y ------------

Command Line: git4idea.http.GitAskPassApp Username for 'https://github.com': 

Host: Intel(R) Core(TM) i3-4005U CPU @ 1.70GHz, 4 cores, 3G,  Windows 10 , 64 bit Build 19041 (10.0.19041.2251)
Time: Tue Dec 13 16:37:02 2022  Windows 10 , 64 bit Build 19041 (10.0.19041.2251) elapsed time: 0.487456 seconds (0d 0h 0m 0s)

---------------  T H R E A D  ---------------

Current thread (0x00000177ecabc890):  JavaThread "Unknown thread" [_thread_in_vm, id=6860, stack(0x0000006f8a700000,0x0000006f8a800000)]

Stack: [0x0000006f8a700000,0x0000006f8a800000]
Native frames: (J=compiled Java code, j=interpreted, Vv=VM code, C=native code)
V  [jvm.dll+0x6830ca]
V  [jvm.dll+0x83f4c4]
V  [jvm.dll+0x840c6e]
V  [jvm.dll+0x8412d3]
V  [jvm.dll+0x2490b5]
V  [jvm.dll+0x67ff99]
V  [jvm.dll+0x6744aa]
V  [jvm.dll+0x308f2b]
V  [jvm.dll+0x3103e6]
V  [jvm.dll+0x36013e]
V  [jvm.dll+0x36036f]
V  [jvm.dll+0x2df018]
V  [jvm.dll+0x2dff84]
V  [jvm.dll+0x810d91]
V  [jvm.dll+0x36df31]
V  [jvm.dll+0x7f028c]
V  [jvm.dll+0x3f0cbf]
V  [jvm.dll+0x3f2801]
C  [jli.dll+0x526b]
C  [ucrtbase.dll+0x21bb2]
C  [KERNEL32.DLL+0x174b4]
C  [ntdll.dll+0x526a1]


---------------  P R O C E S S  ---------------

Threads class SMR info:
_java_thread_list=0x00007ffa32ff8f98, length=0, elements={
}

Java Threads: ( => current thread )

Other Threads:
  0x00000177ecaf8c70 GCTaskThread "GC Thread#0" [stack: 0x0000006f8a800000,0x0000006f8a900000] [id=1708]
  0x00000177ecb017c0 ConcurrentGCThread "G1 Main Marker" [stack: 0x0000006f8a900000,0x0000006f8aa00000] [id=14384]
  0x00000177ecb020e0 ConcurrentGCThread "G1 Conc#0" [stack: 0x0000006f8aa00000,0x0000006f8ab00000] [id=7236]

[error occurred during error reporting (printing all threads), id 0xc0000005, EXCEPTION_ACCESS_VIOLATION (0xc0000005) at pc=0x00007ffa327afbd7]

VM state: not at safepoint (not fully initialized)

VM Mutex/Monitor currently owned by a thread:  ([mutex/lock_event])
[0x00000177ecab7c70] Heap_lock - owner thread: 0x00000177ecabc890

Heap address: 0x00000000c1800000, size: 1000 MB, Compressed Oops mode: 32-bit

CDS archive(s) mapped at: [0x0000000000000000-0x0000000000000000-0x0000000000000000), size 0, SharedBaseAddress: 0x0000000800000000, ArchiveRelocationMode: 0.
Narrow klass base: 0x0000000000000000, Narrow klass shift: 0, Narrow klass range: 0x0

GC Precious Log:
<Empty>

Heap:
 garbage-first heap   total 0K, used 0K [0x00000000c1800000, 0x0000000100000000)
  region size 1024K, 0 young (0K), 0 survivors (0K)

[error occurred during error reporting (printing heap information), id 0xc0000005, EXCEPTION_ACCESS_VIOLATION (0xc0000005) at pc=0x00007ffa32b9cd59]

GC Heap History (0 events):
No events

Dll operation events (1 events):
Event: 0.397 Loaded shared library C:\Program Files\JetBrains\IntelliJ IDEA 2022.3\jbr\bin\java.dll

Deoptimization events (0 events):
No events

Classes unloaded (0 events):
No events

Classes redefined (0 events):
No events

Internal exceptions (0 events):
No events

VM Operations (0 events):
No events

Events (0 events):
No events


Dynamic libraries:
0x00007ff679b80000 - 0x00007ff679b8a000 	C:\Program Files\JetBrains\IntelliJ IDEA 2022.3\jbr\bin\java.exe
0x00007ffa89010000 - 0x00007ffa89208000 	C:\WINDOWS\SYSTEM32\ntdll.dll
0x00007ffa88820000 - 0x00007ffa888df000 	C:\WINDOWS\System32\KERNEL32.DLL
0x00007ffa86d30000 - 0x00007ffa87002000 	C:\WINDOWS\System32\KERNELBASE.dll
0x00007ffa86840000 - 0x00007ffa86940000 	C:\WINDOWS\System32\ucrtbase.dll
0x00007ffa6b7d0000 - 0x00007ffa6b7e7000 	C:\Program Files\JetBrains\IntelliJ IDEA 2022.3\jbr\bin\jli.dll
0x00007ffa6a2a0000 - 0x00007ffa6a2bb000 	C:\Program Files\JetBrains\IntelliJ IDEA 2022.3\jbr\bin\VCRUNTIME140.dll
0x00007ffa87060000 - 0x00007ffa871fd000 	C:\WINDOWS\System32\USER32.dll
0x00007ffa86810000 - 0x00007ffa86832000 	C:\WINDOWS\System32\win32u.dll
0x00007ffa87f00000 - 0x00007ffa87f2b000 	C:\WINDOWS\System32\GDI32.dll
0x00007ffa86c20000 - 0x00007ffa86d2f000 	C:\WINDOWS\System32\gdi32full.dll
0x00007ffa86940000 - 0x00007ffa869dd000 	C:\WINDOWS\System32\msvcp_win.dll
0x00007ffa7a180000 - 0x00007ffa7a41a000 	C:\WINDOWS\WinSxS\amd64_microsoft.windows.common-controls_6595b64144ccf1df_6.0.19041.1110_none_60b5254171f9507e\COMCTL32.dll
0x00007ffa872d0000 - 0x00007ffa8736e000 	C:\WINDOWS\System32\msvcrt.dll
0x00007ffa87420000 - 0x00007ffa87452000 	C:\WINDOWS\System32\IMM32.DLL
0x00007ffa812b0000 - 0x00007ffa812bc000 	C:\Program Files\JetBrains\IntelliJ IDEA 2022.3\jbr\bin\vcruntime140_1.dll
0x00007ffa60a40000 - 0x00007ffa60acd000 	C:\Program Files\JetBrains\IntelliJ IDEA 2022.3\jbr\bin\msvcp140.dll
0x00007ffa324c0000 - 0x00007ffa3312b000 	C:\Program Files\JetBrains\IntelliJ IDEA 2022.3\jbr\bin\server\jvm.dll
0x00007ffa874c0000 - 0x00007ffa8756e000 	C:\WINDOWS\System32\ADVAPI32.dll
0x00007ffa88eb0000 - 0x00007ffa88f4c000 	C:\WINDOWS\System32\sechost.dll
0x00007ffa882a0000 - 0x00007ffa883c5000 	C:\WINDOWS\System32\RPCRT4.dll
0x00007ffa7ac90000 - 0x00007ffa7acb7000 	C:\WINDOWS\SYSTEM32\WINMM.dll
0x00007ffa7f170000 - 0x00007ffa7f17a000 	C:\WINDOWS\SYSTEM32\VERSION.dll
0x00007ffa74b50000 - 0x00007ffa74b59000 	C:\WINDOWS\SYSTEM32\WSOCK32.dll
0x00007ffa88e40000 - 0x00007ffa88eab000 	C:\WINDOWS\System32\WS2_32.dll
0x00007ffa844d0000 - 0x00007ffa844e2000 	C:\WINDOWS\SYSTEM32\kernel.appcore.dll
0x00007ffa81de0000 - 0x00007ffa81dea000 	C:\Program Files\JetBrains\IntelliJ IDEA 2022.3\jbr\bin\jimage.dll
0x00007ffa74960000 - 0x00007ffa74b44000 	C:\WINDOWS\SYSTEM32\DBGHELP.DLL
0x00007ffa74820000 - 0x00007ffa7484c000 	C:\WINDOWS\SYSTEM32\dbgcore.DLL
0x00007ffa86710000 - 0x00007ffa86792000 	C:\WINDOWS\System32\bcryptPrimitives.dll
0x00007ffa6aad0000 - 0x00007ffa6aaf5000 	C:\Program Files\JetBrains\IntelliJ IDEA 2022.3\jbr\bin\java.dll

dbghelp: loaded successfully - version: 4.0.5 - missing functions: none
symbol engine: initialized successfully - sym options: 0x614 - pdb path: .;C:\Program Files\JetBrains\IntelliJ IDEA 2022.3\jbr\bin;C:\WINDOWS\SYSTEM32;C:\WINDOWS\WinSxS\amd64_microsoft.windows.common-controls_6595b64144ccf1df_6.0.19041.1110_none_60b5254171f9507e;C:\Program Files\JetBrains\IntelliJ IDEA 2022.3\jbr\bin\server

VM Arguments:
java_command: git4idea.http.GitAskPassApp Username for 'https://github.com': 
java_class_path (initial): C:/Program Files/JetBrains/IntelliJ IDEA 2022.3/plugins/vcs-git/lib/git4idea-rt.jar;C:/Program Files/JetBrains/IntelliJ IDEA 2022.3/lib/externalProcess-rt.jar;C:/Program Files/JetBrains/IntelliJ IDEA 2022.3/lib/app.jar;C:/Program Files/JetBrains/IntelliJ IDEA 2022.3/lib/3rd-party-rt.jar
Launcher Type: SUN_STANDARD

[Global flags]
     intx CICompilerCount                          = 3                                         {product} {ergonomic}
     uint ConcGCThreads                            = 1                                         {product} {ergonomic}
     uint G1ConcRefinementThreads                  = 4                                         {product} {ergonomic}
   size_t G1HeapRegionSize                         = 1048576                                   {product} {ergonomic}
    uintx GCDrainStackTargetSize                   = 64                                        {product} {ergonomic}
   size_t InitialHeapSize                          = 67108864                                  {product} {ergonomic}
   size_t MarkStackSize                            = 4194304                                   {product} {ergonomic}
   size_t MaxHeapSize                              = 1048576000                                {product} {ergonomic}
   size_t MinHeapDeltaBytes                        = 1048576                                   {product} {ergonomic}
   size_t MinHeapSize                              = 8388608                                   {product} {ergonomic}
    uintx NonNMethodCodeHeapSize                   = 5832780                                {pd product} {ergonomic}
    uintx NonProfiledCodeHeapSize                  = 122912730                              {pd product} {ergonomic}
    uintx ProfiledCodeHeapSize                     = 122912730                              {pd product} {ergonomic}
    uintx ReservedCodeCacheSize                    = 251658240                              {pd product} {ergonomic}
     bool SegmentedCodeCache                       = true                                      {product} {ergonomic}
   size_t SoftMaxHeapSize                          = 1048576000                             {manageable} {ergonomic}
     bool UseCompressedClassPointers               = true                           {product lp64_product} {ergonomic}
     bool UseCompressedOops                        = true                           {product lp64_product} {ergonomic}
     bool UseG1GC                                  = true                                      {product} {ergonomic}
     bool UseLargePagesIndividualAllocation        = false                                  {pd product} {ergonomic}

Logging:
Log output configuration:
 #0: stdout all=warning uptime,level,tags
 #1: stderr all=off uptime,level,tags

Environment Variables:
JAVA_HOME=C:\Program Files (x86)\Java\jdk-11.0.1\
PATH=C:/Program Files/Git/mingw64/libexec/git-core;C:/Program Files/Git/mingw64/libexec/git-core;C:\Program Files\Git\mingw64\bin;C:\Program Files\Git\usr\bin;C:\Users\Tymek\bin;C:\Program Files (x86)\Common Files\Oracle\Java\javapath;C:\WINDOWS\system32;C:\WINDOWS;C:\WINDOWS\System32\Wbem;C:\WINDOWS\System32\WindowsPowerShell\v1.0\;C:\WINDOWS\System32\OpenSSH\;C:\Program Files (x86)\Java\jdk1.8.0_191\bin;C:\Program Files\Git\cmd;C:\Program Files\JetBrains\IntelliJ IDEA Community Edition 2021.3.2\plugins\maven\lib\maven3;C:\Program Files\JetBrains\IntelliJ IDEA Community Edition 2021.3.2\plugins\maven\lib\maven3\bin;C:\Program Files\nodejs\;C:\ProgramData\chocolatey\bin;C:\Program Files\MySQL\MySQL Shell 8.0\bin\;C:\Users\Tymek\AppData\Local\Microsoft\WindowsApps;C:\Users\Tymek\AppData\Local\GitHubDesktop\bin;C:\Users\Tymek\AppData\Local\Microsoft\WindowsApps;C:\Users\Tymek\AppData\Local\gitkraken\bin;C:\Program Files\JetBrains\IntelliJ IDEA Community Edition 2021.3.2\plugins\maven\lib\maven3\bin;C:\Users\Tymek\AppData\Roaming\npm
USERNAME=Tymek
DISPLAY=:0.0
LC_ALL=en_US.UTF-8
TERM=cygwin
TMPDIR=C:\Users\Tymek\AppData\Local\Temp
OS=Windows_NT
PROCESSOR_IDENTIFIER=Intel64 Family 6 Model 69 Stepping 1, GenuineIntel
TMP=C:\Users\Tymek\AppData\Local\Temp
TEMP=C:\Users\Tymek\AppData\Local\Temp



---------------  S Y S T E M  ---------------

OS:
 Windows 10 , 64 bit Build 19041 (10.0.19041.2251)
OS uptime: 0 days 2:11 hours

CPU: total 4 (initial active 4) (2 cores per cpu, 2 threads per core) family 6 model 69 stepping 1 microcode 0x25, cx8, cmov, fxsr, ht, mmx, sse, sse2, sse3, ssse3, sse4.1, sse4.2, popcnt, lzcnt, tsc, tscinvbit, avx, avx2, aes, erms, clmul, bmi1, bmi2, fma, vzeroupper, clflush

Memory: 4k page, system-wide physical 3999M (283M free)
TotalPageFile size 9999M (AvailPageFile size 32M)
current process WorkingSet (physical memory assigned to process): 9M, peak: 9M
current process commit charge ("private bytes"): 51M, peak: 115M

vm_info: OpenJDK 64-Bit Server VM (17.0.5+1-b653.14) for windows-amd64 JRE (17.0.5+1-b653.14), built on 2022-11-10 by "builduser" with MS VC++ 16.10 / 16.11 (VS2019)

END.
